Info2020/10/09 15:11:07 main.go:82: -===================  å¯åŠ¨  ç¨‹åº  ================
Info2020/10/09 15:11:07 main.go:87: -===================  å¯åŠ¨  ç¨‹åº  ================
Info2020/10/10 11:05:48 main.go:82: -===================  å¯åŠ¨  ç¨‹åº  ================
Info2020/10/10 11:28:15 create_juese_table_test.go:13: db----- &{0 0xc000010228 0 {0 0} [] map[] 0 0 0xc00001a300 false map[] map[] 5 50 0 0 <nil> 0 0 0 0 0x4fd9c0}
Info2020/10/10 11:28:43 create_yonghu_table_test.go:13: db----- &{0 0xc000010228 0 {0 0} [] map[] 0 0 0xc00001a300 false map[] map[] 5 50 0 0 <nil> 0 0 0 0 0x4fd9c0}
Info2020/10/10 13:47:56 create_caidan_table_test.go:13: db----- &{0 0xc000010228 0 {0 0} [] map[] 0 0 0xc00001a300 false map[] map[] 5 50 0 0 <nil> 0 0 0 0 0x4fd9c0}
Info2020/10/10 13:49:52 create_caidan_table_test.go:13: db----- &{0 0xc000010228 0 {0 0} [] map[] 0 0 0xc000020240 false map[] map[] 5 50 0 0 <nil> 0 0 0 0 0x4fd9c0}
Info2020/10/10 13:51:32 create_kuangchi_table_test.go:13: db----- &{0 0xc000010228 0 {0 0} [] map[] 0 0 0xc00001a300 false map[] map[] 5 50 0 0 <nil> 0 0 0 0 0x4fd9c0}
Info2020/10/10 13:51:39 create_kuangji_table_test.go:13: db----- &{0 0xc000010228 0 {0 0} [] map[] 0 0 0xc00001a300 false map[] map[] 5 50 0 0 <nil> 0 0 0 0 0x4fd9c0}
Info2020/10/17 10:49:36 main.go:88: -===================  å¯åŠ¨  ç¨‹åº  ================
Info2020/10/17 10:57:25 main.go:45: err2--- <nil> dataobj2---- {<nil>}
Info2020/10/17 10:59:17 main.go:89: -===================  å¯åŠ¨  ç¨‹åº  ================
Info2020/10/17 10:59:22 main.go:46: err2--- <nil> dataobj2---- {map[BiaoTi:IPFSMainå…¨çƒå¥–åŠ±æ’åç¬¬ä¸€ FuWuHao:FW001 GengXin:2020-09-23 16:08:04 JianJie:åŒ—äº¬æ—¶é—´9æœˆ22æ—¥ä¸Šåˆ8ç‚¹ï¼ŒFilecoinåè®®å®éªŒå®¤ä¸¾åŠäº†çº¿ä¸ŠSpace Race Celebrationã€‚åœ¨ç›´æ’­ä¸­ï¼Œå®˜æ–¹æŠ€æœ¯äººå‘˜å›´ç»•å­˜å‚¨ç”Ÿæ€ã€å¤ªç©ºç«èµ›æˆæœã€Space Race 2è¿›è¡Œåˆ†äº«ã€‚ LeiXing:IPFS NeiRong:<html><body>123</body></html> ShiJian:2020-09-23 16:08:04 SuoLueTu:http://ssss.png]}
Info2020/10/17 11:07:28 main.go:88: -===================  å¯åŠ¨  ç¨‹åº  ================
Info2020/10/17 11:07:34 main.go:45: err2--- readUint64: unexpected character: ÿ, error found in #1 byte of ...|{
    "FuWu|..., bigger context ...|{
    "FuWuHao":"FW001",
  "BiaoTi":"IPFSMainå…¨çƒ|... dataobj2---- invalid
Info2020/10/17 11:11:04 main.go:87: -===================  å¯åŠ¨  ç¨‹åº  ================
Info2020/10/17 11:11:10 main.go:44: err2--- <nil> dataobj2---- map[BiaoTi:IPFSMainå…¨çƒå¥–åŠ±æ’åç¬¬ä¸€ FuWuHao:FW001 GengXin:2020-09-23 16:08:04 JianJie:åŒ—äº¬æ—¶é—´9æœˆ22æ—¥ä¸Šåˆ8ç‚¹ï¼ŒFilecoinåè®®å®éªŒå®¤ä¸¾åŠäº†çº¿ä¸ŠSpace Race Celebrationã€‚åœ¨ç›´æ’­ä¸­ï¼Œå®˜æ–¹æŠ€æœ¯äººå‘˜å›´ç»•å­˜å‚¨ç”Ÿæ€ã€å¤ªç©ºç«èµ›æˆæœã€Space Race 2è¿›è¡Œåˆ†äº«ã€‚ LeiXing:IPFS NeiRong:<html><body>123</body></html> ShiJian:2020-09-23 16:08:04 SuoLueTu:http://ssss.png]
Info2020/10/17 11:24:07 main.go:69: -===================  å¯åŠ¨  ç¨‹åº  ================
Info2020/10/17 11:24:13 main.go:38: err2--- <nil> dataobj2---- map[BiaoTi:IPFSMainå…¨çƒå¥–åŠ±æ’åç¬¬ä¸€ FuWuHao:FW001 GengXin:2020-09-23 16:08:04 JianJie:åŒ—äº¬æ—¶é—´9æœˆ22æ—¥ä¸Šåˆ8ç‚¹ï¼ŒFilecoinåè®®å®éªŒå®¤ä¸¾åŠäº†çº¿ä¸ŠSpace Race Celebrationã€‚åœ¨ç›´æ’­ä¸­ï¼Œå®˜æ–¹æŠ€æœ¯äººå‘˜å›´ç»•å­˜å‚¨ç”Ÿæ€ã€å¤ªç©ºç«èµ›æˆæœã€Space Race 2è¿›è¡Œåˆ†äº«ã€‚ LeiXing:IPFS NeiRong:<html><body>123</body></html> ShiJian:2020-09-23 16:08:04 SuoLueTu:http://ssss.png]
